c:\users\jossr\source\repos\ogl_rubik_cube\ogl_rubik_cube\debug\vc142.pdb
c:\users\jossr\source\repos\ogl_rubik_cube\ogl_rubik_cube\debug\vc142.idb
c:\users\jossr\source\repos\ogl_rubik_cube\ogl_rubik_cube\debug\glad.obj
c:\users\jossr\source\repos\ogl_rubik_cube\ogl_rubik_cube\debug\main.obj
c:\users\jossr\source\repos\ogl_rubik_cube\ogl_rubik_cube\debug\stb_image.obj
f:\graficas\cubo\ogl_rubik_cube\ogl_rubik_cube\debug\vc142.pdb
f:\graficas\cubo\ogl_rubik_cube\ogl_rubik_cube\debug\vc142.idb
f:\graficas\cubo\ogl_rubik_cube\ogl_rubik_cube\debug\main.obj
c:\users\jossr\source\repos\ogl_rubik_cube\debug\ogl_rubik_cube.ilk
c:\users\jossr\source\repos\ogl_rubik_cube\debug\ogl_rubik_cube.exe
c:\users\jossr\source\repos\ogl_rubik_cube\debug\ogl_rubik_cube.pdb
f:\graficas\cubo\ogl_rubik_cube\ogl_rubik_cube\debug\glad.obj
f:\graficas\cubo\ogl_rubik_cube\debug\ogl_rubik_cube.pdb
f:\graficas\cubo\ogl_rubik_cube\debug\ogl_rubik_cube.exe
f:\graficas\cubo\ogl_rubik_cube\debug\ogl_rubik_cube.ilk
f:\graficas\cubo\ogl_rubik_cube\ogl_rubik_cube\debug\ogl_rubik_cube.tlog\cl.command.1.tlog
f:\graficas\cubo\ogl_rubik_cube\ogl_rubik_cube\debug\ogl_rubik_cube.tlog\cl.read.1.tlog
f:\graficas\cubo\ogl_rubik_cube\ogl_rubik_cube\debug\ogl_rubik_cube.tlog\cl.write.1.tlog
f:\graficas\cubo\ogl_rubik_cube\ogl_rubik_cube\debug\ogl_rubik_cube.tlog\link.command.1.tlog
f:\graficas\cubo\ogl_rubik_cube\ogl_rubik_cube\debug\ogl_rubik_cube.tlog\link.read.1.tlog
f:\graficas\cubo\ogl_rubik_cube\ogl_rubik_cube\debug\ogl_rubik_cube.tlog\link.write.1.tlog
